2025-07-17 16:37:50,319 - food_predictor.synthetic.migration_utils - INFO - Creating backup at C:\Users\Syed Ashfaque Hussai\OneDrive\Desktop\food_predictor\migration_backup\tonic_backup_20250717_163750
2025-07-17 16:37:50,322 - food_predictor.synthetic.migration_utils - INFO - Backed up tonic_generator.py
2025-07-17 16:37:50,324 - food_predictor.synthetic.migration_utils - INFO - Backed up train_with_synthetic.py
2025-07-17 16:37:54,076 - __main__ - INFO - Loaded DF5 data: 6044 records, 14 columns
2025-07-17 16:37:54,093 - __main__ - ERROR - Migration failed: Missing required columns in DF5 data: ['total_guest_count']
2025-07-17 16:39:49,877 - food_predictor.synthetic.migration_utils - INFO - Creating backup at C:\Users\Syed Ashfaque Hussai\OneDrive\Desktop\food_predictor\migration_backup\tonic_backup_20250717_163949
2025-07-17 16:39:49,877 - food_predictor.synthetic.migration_utils - INFO - Backed up tonic_generator.py
2025-07-17 16:39:49,877 - food_predictor.synthetic.migration_utils - INFO - Backed up train_with_synthetic.py
2025-07-17 16:39:50,713 - __main__ - INFO - Loaded DF5 data: 6044 records, 14 columns
2025-07-17 16:39:56,008 - food_predictor.core.category_rules - INFO - Initializing FoodCategoryRules
2025-07-17 16:39:56,008 - ItemService - INFO - Building item metadata from training data
2025-07-17 16:39:56,008 - ItemService - INFO - Building item_name mapping
2025-07-17 16:39:56,024 - ItemService - INFO - Built mapping for 1007 item variations
2025-07-17 16:39:56,033 - __main__ - WARNING - Model comparison test failed: 'Veg_Classification'
2025-07-17 16:39:56,035 - __main__ - ERROR - Migration failed: 'charmap' codec can't encode character '\u2192' in position 11: character maps to <undefined>
2025-07-17 17:15:39,646 - food_predictor.synthetic.migration_utils - INFO - Creating backup at C:\Users\Syed Ashfaque Hussai\OneDrive\Desktop\food_predictor\migration_backup\tonic_backup_20250717_171539
2025-07-17 17:15:39,657 - food_predictor.synthetic.migration_utils - INFO - Backed up tonic_generator.py
2025-07-17 17:15:39,763 - food_predictor.synthetic.migration_utils - INFO - Backed up train_with_synthetic.py
2025-07-17 17:15:42,012 - __main__ - INFO - Loaded DF5 data: 6044 records, 14 columns
2025-07-17 17:15:50,645 - food_predictor.core.category_rules - INFO - Initializing FoodCategoryRules
2025-07-17 17:15:50,645 - ItemService - INFO - Building item metadata from training data
2025-07-17 17:15:50,645 - ItemService - INFO - Building item_name mapping
2025-07-17 17:15:50,680 - ItemService - INFO - Built mapping for 1007 item variations
2025-07-17 17:15:50,686 - __main__ - WARNING - Model comparison test failed: 'Veg_Classification'
2025-07-17 17:15:50,696 - __main__ - ERROR - Migration failed: 'charmap' codec can't encode character '\u2192' in position 11: character maps to <undefined>
2025-07-17 17:17:40,877 - food_predictor.synthetic.migration_utils - INFO - Creating backup at C:\Users\Syed Ashfaque Hussai\OneDrive\Desktop\food_predictor\migration_backup\tonic_backup_20250717_171740
2025-07-17 17:17:40,885 - food_predictor.synthetic.migration_utils - INFO - Backed up tonic_generator.py
2025-07-17 17:17:40,886 - food_predictor.synthetic.migration_utils - INFO - Backed up train_with_synthetic.py
2025-07-17 17:17:42,839 - __main__ - INFO - Loaded DF5 data: 6044 records, 14 columns
2025-07-17 17:17:50,114 - food_predictor.core.category_rules - INFO - Initializing FoodCategoryRules
2025-07-17 17:17:50,114 - ItemService - INFO - Building item metadata from training data
2025-07-17 17:17:50,114 - ItemService - INFO - Building item_name mapping
2025-07-17 17:17:50,145 - ItemService - INFO - Built mapping for 1007 item variations
2025-07-17 17:17:50,150 - __main__ - WARNING - Model comparison test failed: 'Veg_Classification'
2025-07-17 17:17:50,152 - __main__ - ERROR - Migration failed: 'charmap' codec can't encode character '\u2192' in position 11: character maps to <undefined>
2025-07-17 17:28:01,682 - __main__ - INFO - 🔍 Running pre-migration checks...
2025-07-17 17:28:01,698 - food_predictor.synthetic.migration_utils - INFO - Creating backup at C:\Users\Syed Ashfaque Hussai\OneDrive\Desktop\food_predictor\migration_backup\tonic_backup_20250717_172801
2025-07-17 17:28:01,698 - food_predictor.synthetic.migration_utils - INFO - Backed up tonic_generator.py
2025-07-17 17:28:01,709 - food_predictor.synthetic.migration_utils - INFO - Backed up train_with_synthetic.py
2025-07-17 17:28:01,710 - __main__ - INFO - 📂 Loading DF5 dataset...
2025-07-17 17:28:03,626 - __main__ - INFO - Loaded DF5 data: 6044 records, 14 columns
2025-07-17 17:28:03,637 - __main__ - INFO - 💾 Saving results...
2025-07-17 17:28:08,594 - __main__ - INFO - 🧪 Running model performance comparison...
2025-07-17 17:28:10,900 - food_predictor.core.category_rules - INFO - Initializing FoodCategoryRules
2025-07-17 17:28:10,900 - ItemService - INFO - Building item metadata from training data
2025-07-17 17:28:10,900 - ItemService - INFO - Building item_name mapping
2025-07-17 17:28:10,926 - ItemService - INFO - Built mapping for 1007 item variations
2025-07-17 17:28:10,926 - __main__ - WARNING - Model comparison test failed: 'Veg_Classification'
2025-07-17 17:28:10,932 - __main__ - ERROR - Migration failed: 'charmap' codec can't encode character '\u2192' in position 11: character maps to <undefined>
2025-07-17 17:28:45,569 - __main__ - INFO - 🔍 Running pre-migration checks...
2025-07-17 17:28:45,585 - food_predictor.synthetic.migration_utils - INFO - Creating backup at C:\Users\Syed Ashfaque Hussai\OneDrive\Desktop\food_predictor\migration_backup\tonic_backup_20250717_172845
2025-07-17 17:28:45,599 - food_predictor.synthetic.migration_utils - INFO - Backed up tonic_generator.py
2025-07-17 17:28:45,601 - food_predictor.synthetic.migration_utils - INFO - Backed up train_with_synthetic.py
2025-07-17 17:28:45,601 - __main__ - INFO - 📂 Loading DF5 dataset...
2025-07-17 17:28:47,507 - __main__ - INFO - Loaded DF5 data: 6044 records, 14 columns
2025-07-17 17:28:47,521 - __main__ - INFO - 🤖 Generating synthetic data (target: 3.0x original size)...
2025-07-17 17:28:50,109 - httpx - INFO - HTTP Request: GET https://app.mostly.ai/api/v2/about "HTTP/1.1 200 "
2025-07-17 17:28:50,779 - httpx - INFO - HTTP Request: GET https://app.mostly.ai/api/v2/users/me "HTTP/1.1 200 "
2025-07-17 17:28:53,147 - food_predictor.synthetic.mostly_generator - INFO - Starting DF5 augmentation: 6044 → 18132 records
2025-07-17 17:28:53,147 - food_predictor.synthetic.mostly_generator - INFO - Preparing DF5 data for Mostly AI training
2025-07-17 17:28:53,163 - __main__ - ERROR - Synthetic data generation failed: 'Veg_Count'
2025-07-17 17:28:53,163 - __main__ - ERROR - Migration failed: 'Veg_Count'
2025-07-17 17:54:09,729 - __main__ - INFO - 🔍 Running pre-migration checks...
2025-07-17 17:54:09,729 - food_predictor.synthetic.migration_utils - INFO - Creating backup at C:\Users\Syed Ashfaque Hussai\OneDrive\Desktop\food_predictor\migration_backup\tonic_backup_20250717_175409
2025-07-17 17:54:09,748 - food_predictor.synthetic.migration_utils - INFO - Backed up tonic_generator.py
2025-07-17 17:54:09,754 - food_predictor.synthetic.migration_utils - INFO - Backed up train_with_synthetic.py
2025-07-17 17:54:09,754 - __main__ - INFO - 📂 Loading DF5 dataset...
2025-07-17 17:54:11,873 - __main__ - INFO - Loaded DF5 data: 6044 records, 14 columns
2025-07-17 17:54:11,873 - __main__ - INFO - 🤖 Generating synthetic data (target: 3.0x original size)...
2025-07-17 17:54:13,140 - httpx - INFO - HTTP Request: GET https://app.mostly.ai/api/v2/about "HTTP/1.1 200 "
2025-07-17 17:54:13,970 - httpx - INFO - HTTP Request: GET https://app.mostly.ai/api/v2/users/me "HTTP/1.1 200 "
2025-07-17 17:54:16,008 - food_predictor.synthetic.mostly_generator - INFO - Starting DF5 augmentation: 6044 → 18132 records
2025-07-17 17:54:16,009 - food_predictor.synthetic.mostly_generator - INFO - Preparing DF5 data for Mostly AI training
2025-07-17 17:54:16,155 - food_predictor.synthetic.mostly_generator - INFO - Data preparation complete: 6044 → 6040 valid records
2025-07-17 17:54:16,155 - __main__ - ERROR - Synthetic data generation failed: The least populated class in y has only 1 member, which is too few. The minimum number of groups for any class cannot be less than 2.
2025-07-17 17:54:16,155 - __main__ - ERROR - Migration failed: The least populated class in y has only 1 member, which is too few. The minimum number of groups for any class cannot be less than 2.
2025-07-17 18:00:37,682 - __main__ - INFO - 🔍 Running pre-migration checks...
2025-07-17 18:00:37,682 - food_predictor.synthetic.migration_utils - INFO - Creating backup at C:\Users\Syed Ashfaque Hussai\OneDrive\Desktop\food_predictor\migration_backup\tonic_backup_20250717_180037
2025-07-17 18:00:37,690 - food_predictor.synthetic.migration_utils - INFO - Backed up tonic_generator.py
2025-07-17 18:00:37,698 - food_predictor.synthetic.migration_utils - INFO - Backed up train_with_synthetic.py
2025-07-17 18:00:37,698 - __main__ - INFO - 📂 Loading DF5 dataset...
2025-07-17 18:00:39,810 - __main__ - INFO - Loaded DF5 data: 6044 records, 14 columns
2025-07-17 18:00:39,815 - __main__ - INFO - 🤖 Generating synthetic data (target: 3.0x original size)...
2025-07-17 18:00:41,758 - httpx - INFO - HTTP Request: GET https://app.mostly.ai/api/v2/about "HTTP/1.1 200 "
2025-07-17 18:00:43,419 - httpx - INFO - HTTP Request: GET https://app.mostly.ai/api/v2/users/me "HTTP/1.1 200 "
2025-07-17 18:00:45,805 - food_predictor.synthetic.mostly_generator - INFO - Starting DF5 augmentation: 6044 → 18132 records
2025-07-17 18:00:45,805 - food_predictor.synthetic.mostly_generator - INFO - Preparing DF5 data for Mostly AI training
2025-07-17 18:00:45,947 - food_predictor.synthetic.mostly_generator - INFO - Data preparation complete: 6044 → 6040 valid records
2025-07-17 18:00:45,960 - food_predictor.synthetic.mostly_generator - INFO - Filtered out rare categories: 6040 → 6039 records
2025-07-17 18:00:45,968 - __main__ - ERROR - Synthetic data generation failed: Found input variables with inconsistent numbers of samples: [6040, 6039]
2025-07-17 18:00:45,968 - __main__ - ERROR - Migration failed: Found input variables with inconsistent numbers of samples: [6040, 6039]
2025-07-17 18:01:40,699 - __main__ - INFO - 🔍 Running pre-migration checks...
2025-07-17 18:01:40,707 - food_predictor.synthetic.migration_utils - INFO - Creating backup at C:\Users\Syed Ashfaque Hussai\OneDrive\Desktop\food_predictor\migration_backup\tonic_backup_20250717_180140
2025-07-17 18:01:40,708 - food_predictor.synthetic.migration_utils - INFO - Backed up tonic_generator.py
2025-07-17 18:01:40,715 - food_predictor.synthetic.migration_utils - INFO - Backed up train_with_synthetic.py
2025-07-17 18:01:40,719 - __main__ - INFO - 📂 Loading DF5 dataset...
2025-07-17 18:01:42,707 - __main__ - INFO - Loaded DF5 data: 6044 records, 14 columns
2025-07-17 18:01:42,707 - __main__ - INFO - 🤖 Generating synthetic data (target: 3.0x original size)...
2025-07-17 18:01:44,035 - httpx - INFO - HTTP Request: GET https://app.mostly.ai/api/v2/about "HTTP/1.1 200 "
2025-07-17 18:01:45,499 - httpx - INFO - HTTP Request: GET https://app.mostly.ai/api/v2/users/me "HTTP/1.1 200 "
2025-07-17 18:01:47,791 - food_predictor.synthetic.mostly_generator - INFO - Starting DF5 augmentation: 6044 → 18132 records
2025-07-17 18:01:47,791 - food_predictor.synthetic.mostly_generator - INFO - Preparing DF5 data for Mostly AI training
2025-07-17 18:01:47,932 - food_predictor.synthetic.mostly_generator - INFO - Data preparation complete: 6044 → 6040 valid records
2025-07-17 18:01:47,937 - food_predictor.synthetic.mostly_generator - INFO - Filtered out rare categories: 6040 → 6039 records
2025-07-17 18:01:47,959 - food_predictor.synthetic.mostly_generator - INFO - Configuring Mostly AI generation settings
2025-07-17 18:01:47,960 - food_predictor.synthetic.mostly_generator - INFO - Training Mostly AI generator...
2025-07-17 18:01:47,960 - food_predictor.synthetic.mostly_generator - ERROR - Training failed: _MostlyGeneratorsClient.create() got an unexpected keyword argument 'name'
2025-07-17 18:01:47,960 - __main__ - ERROR - Synthetic data generation failed: Failed to train Mostly AI generator
2025-07-17 18:01:47,960 - __main__ - ERROR - Migration failed: Failed to train Mostly AI generator
2025-07-17 18:02:02,337 - __main__ - INFO - 🔍 Running pre-migration checks...
2025-07-17 18:02:02,345 - food_predictor.synthetic.migration_utils - INFO - Creating backup at C:\Users\Syed Ashfaque Hussai\OneDrive\Desktop\food_predictor\migration_backup\tonic_backup_20250717_180202
2025-07-17 18:02:02,354 - food_predictor.synthetic.migration_utils - INFO - Backed up tonic_generator.py
2025-07-17 18:02:02,362 - food_predictor.synthetic.migration_utils - INFO - Backed up train_with_synthetic.py
2025-07-17 18:02:02,371 - __main__ - INFO - 📂 Loading DF5 dataset...
2025-07-17 18:02:04,267 - __main__ - INFO - Loaded DF5 data: 6044 records, 14 columns
2025-07-17 18:02:04,267 - __main__ - INFO - 🤖 Generating synthetic data (target: 3.0x original size)...
2025-07-17 18:02:05,249 - httpx - INFO - HTTP Request: GET https://app.mostly.ai/api/v2/about "HTTP/1.1 200 "
2025-07-17 18:02:06,056 - httpx - INFO - HTTP Request: GET https://app.mostly.ai/api/v2/users/me "HTTP/1.1 200 "
2025-07-17 18:02:08,085 - food_predictor.synthetic.mostly_generator - INFO - Starting DF5 augmentation: 6044 → 18132 records
2025-07-17 18:02:08,085 - food_predictor.synthetic.mostly_generator - INFO - Preparing DF5 data for Mostly AI training
2025-07-17 18:02:08,227 - food_predictor.synthetic.mostly_generator - INFO - Data preparation complete: 6044 → 6040 valid records
2025-07-17 18:02:08,227 - food_predictor.synthetic.mostly_generator - INFO - Filtered out rare categories: 6040 → 6039 records
2025-07-17 18:02:08,244 - food_predictor.synthetic.mostly_generator - INFO - Configuring Mostly AI generation settings
2025-07-17 18:02:08,244 - food_predictor.synthetic.mostly_generator - INFO - Training Mostly AI generator...
2025-07-17 18:02:08,244 - food_predictor.synthetic.mostly_generator - ERROR - Training failed: _MostlyGeneratorsClient.create() got an unexpected keyword argument 'name'
2025-07-17 18:02:08,244 - __main__ - ERROR - Synthetic data generation failed: Failed to train Mostly AI generator
2025-07-17 18:02:08,244 - __main__ - ERROR - Migration failed: Failed to train Mostly AI generator
2025-07-17 18:04:56,599 - __main__ - INFO - 🔍 Running pre-migration checks...
2025-07-17 18:04:56,602 - food_predictor.synthetic.migration_utils - INFO - Creating backup at C:\Users\Syed Ashfaque Hussai\OneDrive\Desktop\food_predictor\migration_backup\tonic_backup_20250717_180456
2025-07-17 18:04:56,606 - food_predictor.synthetic.migration_utils - INFO - Backed up tonic_generator.py
2025-07-17 18:04:56,612 - food_predictor.synthetic.migration_utils - INFO - Backed up train_with_synthetic.py
2025-07-17 18:04:56,612 - __main__ - INFO - 📂 Loading DF5 dataset...
2025-07-17 18:04:58,601 - __main__ - INFO - Loaded DF5 data: 6044 records, 14 columns
2025-07-17 18:04:58,601 - __main__ - INFO - 🤖 Generating synthetic data (target: 3.0x original size)...
2025-07-17 18:04:59,736 - httpx - INFO - HTTP Request: GET https://app.mostly.ai/api/v2/about "HTTP/1.1 200 "
2025-07-17 18:05:00,360 - httpx - INFO - HTTP Request: GET https://app.mostly.ai/api/v2/users/me "HTTP/1.1 200 "
2025-07-17 18:05:02,635 - food_predictor.synthetic.mostly_generator - INFO - Starting DF5 augmentation: 6044 → 18132 records
2025-07-17 18:05:02,635 - food_predictor.synthetic.mostly_generator - INFO - Preparing DF5 data for Mostly AI training
2025-07-17 18:05:02,773 - food_predictor.synthetic.mostly_generator - INFO - Data preparation complete: 6044 → 6040 valid records
2025-07-17 18:05:02,773 - food_predictor.synthetic.mostly_generator - INFO - Filtered out rare categories: 6040 → 6039 records
2025-07-17 18:05:02,790 - food_predictor.synthetic.mostly_generator - INFO - Configuring Mostly AI generation settings
2025-07-17 18:05:02,790 - food_predictor.synthetic.mostly_generator - INFO - Training Mostly AI generator...
2025-07-17 18:05:02,790 - food_predictor.synthetic.mostly_generator - ERROR - Training failed: _MostlyGeneratorsClient.create() got an unexpected keyword argument 'data'
2025-07-17 18:05:02,790 - __main__ - ERROR - Synthetic data generation failed: Failed to train Mostly AI generator
2025-07-17 18:05:02,790 - __main__ - ERROR - Migration failed: Failed to train Mostly AI generator
2025-07-17 18:10:54,725 - __main__ - INFO - 🔍 Running pre-migration checks...
2025-07-17 18:10:54,725 - food_predictor.synthetic.migration_utils - INFO - Creating backup at C:\Users\Syed Ashfaque Hussai\OneDrive\Desktop\food_predictor\migration_backup\tonic_backup_20250717_181054
2025-07-17 18:10:54,733 - food_predictor.synthetic.migration_utils - INFO - Backed up tonic_generator.py
2025-07-17 18:10:54,733 - food_predictor.synthetic.migration_utils - INFO - Backed up train_with_synthetic.py
2025-07-17 18:10:54,733 - __main__ - INFO - 📂 Loading DF5 dataset...
2025-07-17 18:10:56,598 - __main__ - INFO - Loaded DF5 data: 6044 records, 14 columns
2025-07-17 18:10:56,600 - __main__ - INFO - 🤖 Generating synthetic data (target: 3.0x original size)...
2025-07-17 18:10:57,727 - httpx - INFO - HTTP Request: GET https://app.mostly.ai/api/v2/about "HTTP/1.1 200 "
2025-07-17 18:10:58,515 - httpx - INFO - HTTP Request: GET https://app.mostly.ai/api/v2/users/me "HTTP/1.1 200 "
2025-07-17 18:11:00,729 - food_predictor.synthetic.mostly_generator - INFO - Starting DF5 augmentation: 6044 → 18132 records
2025-07-17 18:11:00,729 - food_predictor.synthetic.mostly_generator - INFO - Preparing DF5 data for Mostly AI training
2025-07-17 18:11:00,861 - food_predictor.synthetic.mostly_generator - INFO - Data preparation complete: 6044 → 6040 valid records
2025-07-17 18:11:00,861 - food_predictor.synthetic.mostly_generator - INFO - Filtered out rare categories: 6040 → 6039 records
2025-07-17 18:11:00,877 - food_predictor.synthetic.mostly_generator - INFO - Configuring Mostly AI generation settings
2025-07-17 18:11:00,877 - food_predictor.synthetic.mostly_generator - INFO - Training Mostly AI generator...
2025-07-17 18:11:00,877 - food_predictor.synthetic.mostly_generator - ERROR - Training failed: _MostlyGeneratorsClient.create() got an unexpected keyword argument 'name'
2025-07-17 18:11:00,877 - __main__ - ERROR - Synthetic data generation failed: Failed to train Mostly AI generator
2025-07-17 18:11:00,877 - __main__ - ERROR - Migration failed: Failed to train Mostly AI generator
2025-07-17 18:16:19,284 - __main__ - INFO - 🔍 Running pre-migration checks...
2025-07-17 18:16:19,284 - food_predictor.synthetic.migration_utils - INFO - Creating backup at C:\Users\Syed Ashfaque Hussai\OneDrive\Desktop\food_predictor\migration_backup\tonic_backup_20250717_181619
2025-07-17 18:16:19,292 - food_predictor.synthetic.migration_utils - INFO - Backed up tonic_generator.py
2025-07-17 18:16:19,300 - food_predictor.synthetic.migration_utils - INFO - Backed up train_with_synthetic.py
2025-07-17 18:16:19,300 - __main__ - INFO - 📂 Loading DF5 dataset...
2025-07-17 18:16:21,179 - __main__ - INFO - Loaded DF5 data: 6044 records, 14 columns
2025-07-17 18:16:21,188 - __main__ - INFO - 🤖 Generating synthetic data (target: 3.0x original size)...
2025-07-17 18:16:22,153 - httpx - INFO - HTTP Request: GET https://app.mostly.ai/api/v2/about "HTTP/1.1 200 "
2025-07-17 18:16:22,957 - httpx - INFO - HTTP Request: GET https://app.mostly.ai/api/v2/users/me "HTTP/1.1 200 "
2025-07-17 18:16:25,193 - food_predictor.synthetic.mostly_generator - INFO - Starting DF5 augmentation: 6044 → 18132 records
2025-07-17 18:16:25,193 - food_predictor.synthetic.mostly_generator - INFO - Preparing DF5 data for Mostly AI training
2025-07-17 18:16:25,340 - food_predictor.synthetic.mostly_generator - INFO - Data preparation complete: 6044 → 6040 valid records
2025-07-17 18:16:25,340 - food_predictor.synthetic.mostly_generator - INFO - Filtered out rare categories: 6040 → 6039 records
2025-07-17 18:16:25,356 - food_predictor.synthetic.mostly_generator - INFO - Configuring Mostly AI generation settings
2025-07-17 18:16:25,356 - food_predictor.synthetic.mostly_generator - INFO - Training Mostly AI generator...
2025-07-17 18:16:26,098 - httpx - INFO - HTTP Request: POST https://app.mostly.ai/api/v2/generators "HTTP/1.1 200 "
2025-07-17 18:16:26,123 - mostlyai.sdk.client.base - WARNING - ignoring unrecognized fields for GeneratorUsage: noOfThreads
2025-07-17 18:16:26,123 - food_predictor.synthetic.mostly_generator - ERROR - Training failed: 'Generator' object has no attribute 'train'
2025-07-17 18:16:26,123 - __main__ - ERROR - Synthetic data generation failed: Failed to train Mostly AI generator
2025-07-17 18:16:26,123 - __main__ - ERROR - Migration failed: Failed to train Mostly AI generator
2025-07-17 18:18:31,686 - __main__ - INFO - 🔍 Running pre-migration checks...
2025-07-17 18:18:31,694 - food_predictor.synthetic.migration_utils - INFO - Creating backup at C:\Users\Syed Ashfaque Hussai\OneDrive\Desktop\food_predictor\migration_backup\tonic_backup_20250717_181831
2025-07-17 18:18:31,694 - food_predictor.synthetic.migration_utils - INFO - Backed up tonic_generator.py
2025-07-17 18:18:31,702 - food_predictor.synthetic.migration_utils - INFO - Backed up train_with_synthetic.py
2025-07-17 18:18:31,702 - __main__ - INFO - 📂 Loading DF5 dataset...
2025-07-17 18:18:33,637 - __main__ - INFO - Loaded DF5 data: 6044 records, 14 columns
2025-07-17 18:18:33,645 - __main__ - INFO - 🤖 Generating synthetic data (target: 3.0x original size)...
2025-07-17 18:18:34,538 - httpx - INFO - HTTP Request: GET https://app.mostly.ai/api/v2/about "HTTP/1.1 200 "
2025-07-17 18:18:35,245 - httpx - INFO - HTTP Request: GET https://app.mostly.ai/api/v2/users/me "HTTP/1.1 200 "
2025-07-17 18:18:37,276 - food_predictor.synthetic.mostly_generator - INFO - Starting DF5 augmentation: 6044 → 18132 records
2025-07-17 18:18:37,276 - food_predictor.synthetic.mostly_generator - INFO - Preparing DF5 data for Mostly AI training
2025-07-17 18:18:37,423 - food_predictor.synthetic.mostly_generator - INFO - Data preparation complete: 6044 → 6040 valid records
2025-07-17 18:18:37,423 - food_predictor.synthetic.mostly_generator - INFO - Filtered out rare categories: 6040 → 6039 records
2025-07-17 18:18:37,439 - food_predictor.synthetic.mostly_generator - INFO - Configuring Mostly AI generation settings
2025-07-17 18:18:37,447 - food_predictor.synthetic.mostly_generator - INFO - Training Mostly AI generator...
2025-07-17 18:18:37,448 - food_predictor.synthetic.mostly_generator - ERROR - Training failed: 'MostlyAI' object has no attribute 'train_generator'
2025-07-17 18:18:37,448 - __main__ - ERROR - Synthetic data generation failed: Failed to train Mostly AI generator
2025-07-17 18:18:37,448 - __main__ - ERROR - Migration failed: Failed to train Mostly AI generator
2025-07-17 18:22:56,796 - __main__ - INFO - 🔍 Running pre-migration checks...
2025-07-17 18:22:56,796 - food_predictor.synthetic.migration_utils - INFO - Creating backup at C:\Users\Syed Ashfaque Hussai\OneDrive\Desktop\food_predictor\migration_backup\tonic_backup_20250717_182256
2025-07-17 18:22:56,804 - food_predictor.synthetic.migration_utils - INFO - Backed up tonic_generator.py
2025-07-17 18:22:56,804 - food_predictor.synthetic.migration_utils - INFO - Backed up train_with_synthetic.py
2025-07-17 18:22:56,813 - __main__ - INFO - 📂 Loading DF5 dataset...
2025-07-17 18:22:58,784 - __main__ - INFO - Loaded DF5 data: 6044 records, 14 columns
2025-07-17 18:22:58,784 - __main__ - INFO - 🤖 Generating synthetic data (target: 3.0x original size)...
2025-07-17 18:22:59,678 - httpx - INFO - HTTP Request: GET https://app.mostly.ai/api/v2/about "HTTP/1.1 200 "
2025-07-17 18:23:00,474 - httpx - INFO - HTTP Request: GET https://app.mostly.ai/api/v2/users/me "HTTP/1.1 200 "
2025-07-17 18:23:02,477 - food_predictor.synthetic.mostly_generator - INFO - Starting DF5 augmentation: 6044 → 18132 records
2025-07-17 18:23:02,477 - food_predictor.synthetic.mostly_generator - INFO - Preparing DF5 data for Mostly AI training
2025-07-17 18:23:02,658 - food_predictor.synthetic.mostly_generator - INFO - Data preparation complete: 6044 → 6040 valid records
2025-07-17 18:23:02,671 - food_predictor.synthetic.mostly_generator - INFO - Filtered out rare categories: 6040 → 6039 records
2025-07-17 18:23:02,694 - food_predictor.synthetic.mostly_generator - INFO - Configuring Mostly AI generation settings
2025-07-17 18:23:02,694 - food_predictor.synthetic.mostly_generator - INFO - Training Mostly AI generator...
2025-07-17 18:23:02,695 - mostlyai.sdk.client.base - WARNING - ignoring unrecognized fields for GeneratorConfig: seed, privacy_level, columns, generation_method, constraints
2025-07-17 18:23:03,441 - httpx - INFO - HTTP Request: POST https://app.mostly.ai/api/v2/generators "HTTP/1.1 200 "
2025-07-17 18:23:03,441 - mostlyai.sdk.client.base - WARNING - ignoring unrecognized fields for GeneratorUsage: noOfThreads
2025-07-17 18:23:04,193 - httpx - INFO - HTTP Request: POST https://app.mostly.ai/api/v2/generators/f548ca21-d79a-475b-9ce8-3c89e7a275da/training/start "HTTP/1.1 400 "
2025-07-17 18:23:04,193 - food_predictor.synthetic.mostly_generator - ERROR - Training failed: HTTP 400: Cannot start training for a generator without tables
2025-07-17 18:23:04,193 - __main__ - ERROR - Synthetic data generation failed: Failed to train Mostly AI generator
2025-07-17 18:23:04,193 - __main__ - ERROR - Migration failed: Failed to train Mostly AI generator
2025-07-17 18:46:49,513 - __main__ - INFO - 🔍 Running pre-migration checks...
2025-07-17 18:46:49,513 - food_predictor.synthetic.migration_utils - INFO - Creating backup at C:\Users\Syed Ashfaque Hussai\OneDrive\Desktop\food_predictor\migration_backup\tonic_backup_20250717_184649
2025-07-17 18:46:49,513 - food_predictor.synthetic.migration_utils - INFO - Backed up tonic_generator.py
2025-07-17 18:46:49,532 - food_predictor.synthetic.migration_utils - INFO - Backed up train_with_synthetic.py
2025-07-17 18:46:49,533 - __main__ - INFO - 📂 Loading DF5 dataset...
2025-07-17 18:46:51,420 - __main__ - INFO - Loaded DF5 data: 6044 records, 14 columns
2025-07-17 18:46:51,427 - __main__ - INFO - 🤖 Generating synthetic data (target: 3.0x original size)...
2025-07-17 18:46:54,271 - httpx - INFO - HTTP Request: GET https://app.mostly.ai/api/v2/about "HTTP/1.1 200 "
2025-07-17 18:46:55,299 - httpx - INFO - HTTP Request: GET https://app.mostly.ai/api/v2/users/me "HTTP/1.1 200 "
2025-07-17 18:46:57,553 - food_predictor.synthetic.mostly_generator - INFO - Starting DF5 augmentation: 6044 → 18132 records
2025-07-17 18:46:57,553 - food_predictor.synthetic.mostly_generator - INFO - Preparing DF5 data for Mostly AI training
2025-07-17 18:46:57,722 - food_predictor.synthetic.mostly_generator - INFO - Data preparation complete: 6044 → 6040 valid records
2025-07-17 18:46:57,722 - food_predictor.synthetic.mostly_generator - INFO - Filtered out rare categories: 6040 → 6039 records
2025-07-17 18:46:57,739 - __main__ - ERROR - Synthetic data generation failed: name 'tempfile' is not defined
2025-07-17 18:46:57,739 - __main__ - ERROR - Migration failed: name 'tempfile' is not defined
2025-07-17 18:49:23,477 - __main__ - INFO - 🔍 Running pre-migration checks...
2025-07-17 18:49:23,493 - food_predictor.synthetic.migration_utils - INFO - Creating backup at C:\Users\Syed Ashfaque Hussai\OneDrive\Desktop\food_predictor\migration_backup\tonic_backup_20250717_184923
2025-07-17 18:49:23,502 - food_predictor.synthetic.migration_utils - INFO - Backed up tonic_generator.py
2025-07-17 18:49:23,505 - food_predictor.synthetic.migration_utils - INFO - Backed up train_with_synthetic.py
2025-07-17 18:49:23,511 - __main__ - INFO - 📂 Loading DF5 dataset...
2025-07-17 18:49:25,404 - __main__ - INFO - Loaded DF5 data: 6044 records, 14 columns
2025-07-17 18:49:25,409 - __main__ - INFO - 🤖 Generating synthetic data (target: 3.0x original size)...
2025-07-17 18:49:26,355 - httpx - INFO - HTTP Request: GET https://app.mostly.ai/api/v2/about "HTTP/1.1 200 "
2025-07-17 18:49:27,154 - httpx - INFO - HTTP Request: GET https://app.mostly.ai/api/v2/users/me "HTTP/1.1 200 "
2025-07-17 18:49:29,249 - food_predictor.synthetic.mostly_generator - INFO - Starting DF5 augmentation: 6044 → 18132 records
2025-07-17 18:49:29,265 - food_predictor.synthetic.mostly_generator - INFO - Preparing DF5 data for Mostly AI training
2025-07-17 18:49:29,376 - food_predictor.synthetic.mostly_generator - INFO - Data preparation complete: 6044 → 6040 valid records
2025-07-17 18:49:29,392 - food_predictor.synthetic.mostly_generator - INFO - Filtered out rare categories: 6040 → 6039 records
2025-07-17 18:49:29,535 - food_predictor.synthetic.mostly_generator - INFO - Saved prepared training data to temporary file: C:\Users\SYEDAS~1\AppData\Local\Temp\tmptg6cxir2.csv
2025-07-17 18:49:29,535 - food_predictor.synthetic.mostly_generator - INFO - Configuring Mostly AI generation settings
2025-07-17 18:49:29,535 - food_predictor.synthetic.mostly_generator - INFO - Training Mostly AI generator...
2025-07-17 18:49:29,535 - food_predictor.synthetic.mostly_generator - ERROR - Training failed: Either config or data must be provided, but not both
2025-07-17 18:49:29,535 - __main__ - ERROR - Synthetic data generation failed: stat: path should be string, bytes, os.PathLike or integer, not DataFrame
2025-07-17 18:49:29,535 - __main__ - ERROR - Migration failed: stat: path should be string, bytes, os.PathLike or integer, not DataFrame
2025-07-17 18:50:04,373 - __main__ - INFO - 🔍 Running pre-migration checks...
2025-07-17 18:50:04,373 - food_predictor.synthetic.migration_utils - INFO - Creating backup at C:\Users\Syed Ashfaque Hussai\OneDrive\Desktop\food_predictor\migration_backup\tonic_backup_20250717_185004
2025-07-17 18:50:04,373 - food_predictor.synthetic.migration_utils - INFO - Backed up tonic_generator.py
2025-07-17 18:50:04,392 - food_predictor.synthetic.migration_utils - INFO - Backed up train_with_synthetic.py
2025-07-17 18:50:04,392 - __main__ - INFO - 📂 Loading DF5 dataset...
2025-07-17 18:50:06,313 - __main__ - INFO - Loaded DF5 data: 6044 records, 14 columns
2025-07-17 18:50:06,318 - __main__ - INFO - 🤖 Generating synthetic data (target: 3.0x original size)...
2025-07-17 18:50:07,219 - httpx - INFO - HTTP Request: GET https://app.mostly.ai/api/v2/about "HTTP/1.1 200 "
2025-07-17 18:50:07,962 - httpx - INFO - HTTP Request: GET https://app.mostly.ai/api/v2/users/me "HTTP/1.1 200 "
2025-07-17 18:50:10,047 - food_predictor.synthetic.mostly_generator - INFO - Starting DF5 augmentation: 6044 → 18132 records
2025-07-17 18:50:10,047 - food_predictor.synthetic.mostly_generator - INFO - Preparing DF5 data for Mostly AI training
2025-07-17 18:50:10,190 - food_predictor.synthetic.mostly_generator - INFO - Data preparation complete: 6044 → 6040 valid records
2025-07-17 18:50:10,205 - food_predictor.synthetic.mostly_generator - INFO - Filtered out rare categories: 6040 → 6039 records
2025-07-17 18:50:10,301 - food_predictor.synthetic.mostly_generator - INFO - Saved prepared training data to temporary file: C:\Users\SYEDAS~1\AppData\Local\Temp\tmpi8u99mds.csv
2025-07-17 18:50:10,301 - food_predictor.synthetic.mostly_generator - INFO - Configuring Mostly AI generation settings
2025-07-17 18:50:10,301 - food_predictor.synthetic.mostly_generator - INFO - Training Mostly AI generator...
2025-07-17 18:50:13,135 - httpx - INFO - HTTP Request: POST https://app.mostly.ai/api/v2/generators "HTTP/1.1 200 "
2025-07-17 18:50:13,135 - mostlyai.sdk.client.base - WARNING - ignoring unrecognized fields for GeneratorUsage: noOfThreads
2025-07-17 18:50:16,522 - httpx - INFO - HTTP Request: POST https://app.mostly.ai/api/v2/generators/f63e5750-c30b-4390-a7fd-130bba58fb4a/training/start "HTTP/1.1 200 "
2025-07-17 18:50:17,181 - httpx - INFO - HTTP Request: GET https://app.mostly.ai/api/v2/generators/f63e5750-c30b-4390-a7fd-130bba58fb4a/training "HTTP/1.1 200 "
2025-07-17 18:50:20,094 - httpx - INFO - HTTP Request: GET https://app.mostly.ai/api/v2/generators/f63e5750-c30b-4390-a7fd-130bba58fb4a/training "HTTP/1.1 200 "
2025-07-17 18:50:22,822 - httpx - INFO - HTTP Request: GET https://app.mostly.ai/api/v2/generators/f63e5750-c30b-4390-a7fd-130bba58fb4a/training "HTTP/1.1 200 "
2025-07-17 18:50:25,606 - httpx - INFO - HTTP Request: GET https://app.mostly.ai/api/v2/generators/f63e5750-c30b-4390-a7fd-130bba58fb4a/training "HTTP/1.1 200 "
2025-07-17 18:50:28,490 - httpx - INFO - HTTP Request: GET https://app.mostly.ai/api/v2/generators/f63e5750-c30b-4390-a7fd-130bba58fb4a/training "HTTP/1.1 200 "
2025-07-17 18:50:31,471 - httpx - INFO - HTTP Request: GET https://app.mostly.ai/api/v2/generators/f63e5750-c30b-4390-a7fd-130bba58fb4a/training "HTTP/1.1 200 "
2025-07-17 18:50:34,312 - httpx - INFO - HTTP Request: GET https://app.mostly.ai/api/v2/generators/f63e5750-c30b-4390-a7fd-130bba58fb4a/training "HTTP/1.1 200 "
2025-07-17 18:50:37,105 - httpx - INFO - HTTP Request: GET https://app.mostly.ai/api/v2/generators/f63e5750-c30b-4390-a7fd-130bba58fb4a/training "HTTP/1.1 200 "
2025-07-17 18:50:39,830 - httpx - INFO - HTTP Request: GET https://app.mostly.ai/api/v2/generators/f63e5750-c30b-4390-a7fd-130bba58fb4a/training "HTTP/1.1 200 "
2025-07-17 18:50:42,622 - httpx - INFO - HTTP Request: GET https://app.mostly.ai/api/v2/generators/f63e5750-c30b-4390-a7fd-130bba58fb4a/training "HTTP/1.1 200 "
2025-07-17 18:50:45,400 - httpx - INFO - HTTP Request: GET https://app.mostly.ai/api/v2/generators/f63e5750-c30b-4390-a7fd-130bba58fb4a/training "HTTP/1.1 200 "
2025-07-17 18:50:48,209 - httpx - INFO - HTTP Request: GET https://app.mostly.ai/api/v2/generators/f63e5750-c30b-4390-a7fd-130bba58fb4a/training "HTTP/1.1 200 "
2025-07-17 18:50:51,180 - httpx - INFO - HTTP Request: GET https://app.mostly.ai/api/v2/generators/f63e5750-c30b-4390-a7fd-130bba58fb4a/training "HTTP/1.1 200 "
2025-07-17 18:50:54,027 - httpx - INFO - HTTP Request: GET https://app.mostly.ai/api/v2/generators/f63e5750-c30b-4390-a7fd-130bba58fb4a/training "HTTP/1.1 200 "
2025-07-17 18:50:56,761 - httpx - INFO - HTTP Request: GET https://app.mostly.ai/api/v2/generators/f63e5750-c30b-4390-a7fd-130bba58fb4a/training "HTTP/1.1 200 "
2025-07-17 18:50:59,630 - httpx - INFO - HTTP Request: GET https://app.mostly.ai/api/v2/generators/f63e5750-c30b-4390-a7fd-130bba58fb4a/training "HTTP/1.1 200 "
2025-07-17 18:51:02,500 - httpx - INFO - HTTP Request: GET https://app.mostly.ai/api/v2/generators/f63e5750-c30b-4390-a7fd-130bba58fb4a/training "HTTP/1.1 200 "
2025-07-17 18:51:05,229 - httpx - INFO - HTTP Request: GET https://app.mostly.ai/api/v2/generators/f63e5750-c30b-4390-a7fd-130bba58fb4a/training "HTTP/1.1 200 "
2025-07-17 18:51:07,954 - httpx - INFO - HTTP Request: GET https://app.mostly.ai/api/v2/generators/f63e5750-c30b-4390-a7fd-130bba58fb4a/training "HTTP/1.1 200 "
2025-07-17 18:51:10,796 - httpx - INFO - HTTP Request: GET https://app.mostly.ai/api/v2/generators/f63e5750-c30b-4390-a7fd-130bba58fb4a/training "HTTP/1.1 200 "
2025-07-17 18:51:13,555 - httpx - INFO - HTTP Request: GET https://app.mostly.ai/api/v2/generators/f63e5750-c30b-4390-a7fd-130bba58fb4a/training "HTTP/1.1 200 "
2025-07-17 18:51:16,953 - httpx - INFO - HTTP Request: GET https://app.mostly.ai/api/v2/generators/f63e5750-c30b-4390-a7fd-130bba58fb4a/training "HTTP/1.1 200 "
2025-07-17 18:51:19,905 - httpx - INFO - HTTP Request: GET https://app.mostly.ai/api/v2/generators/f63e5750-c30b-4390-a7fd-130bba58fb4a/training "HTTP/1.1 200 "
2025-07-17 18:51:22,627 - httpx - INFO - HTTP Request: GET https://app.mostly.ai/api/v2/generators/f63e5750-c30b-4390-a7fd-130bba58fb4a/training "HTTP/1.1 200 "
2025-07-17 18:51:25,436 - httpx - INFO - HTTP Request: GET https://app.mostly.ai/api/v2/generators/f63e5750-c30b-4390-a7fd-130bba58fb4a/training "HTTP/1.1 200 "
2025-07-17 18:51:28,168 - httpx - INFO - HTTP Request: GET https://app.mostly.ai/api/v2/generators/f63e5750-c30b-4390-a7fd-130bba58fb4a/training "HTTP/1.1 200 "
2025-07-17 18:51:31,036 - httpx - INFO - HTTP Request: GET https://app.mostly.ai/api/v2/generators/f63e5750-c30b-4390-a7fd-130bba58fb4a/training "HTTP/1.1 200 "
2025-07-17 18:51:33,725 - httpx - INFO - HTTP Request: GET https://app.mostly.ai/api/v2/generators/f63e5750-c30b-4390-a7fd-130bba58fb4a/training "HTTP/1.1 200 "
2025-07-17 18:51:36,399 - httpx - INFO - HTTP Request: GET https://app.mostly.ai/api/v2/generators/f63e5750-c30b-4390-a7fd-130bba58fb4a/training "HTTP/1.1 200 "
2025-07-17 18:51:39,116 - httpx - INFO - HTTP Request: GET https://app.mostly.ai/api/v2/generators/f63e5750-c30b-4390-a7fd-130bba58fb4a/training "HTTP/1.1 200 "
2025-07-17 18:51:41,876 - httpx - INFO - HTTP Request: GET https://app.mostly.ai/api/v2/generators/f63e5750-c30b-4390-a7fd-130bba58fb4a/training "HTTP/1.1 200 "
2025-07-17 18:51:44,847 - httpx - INFO - HTTP Request: GET https://app.mostly.ai/api/v2/generators/f63e5750-c30b-4390-a7fd-130bba58fb4a/training "HTTP/1.1 200 "
2025-07-17 18:51:47,662 - httpx - INFO - HTTP Request: GET https://app.mostly.ai/api/v2/generators/f63e5750-c30b-4390-a7fd-130bba58fb4a/training "HTTP/1.1 200 "
2025-07-17 18:51:50,382 - httpx - INFO - HTTP Request: GET https://app.mostly.ai/api/v2/generators/f63e5750-c30b-4390-a7fd-130bba58fb4a/training "HTTP/1.1 200 "
2025-07-17 18:51:53,296 - httpx - INFO - HTTP Request: GET https://app.mostly.ai/api/v2/generators/f63e5750-c30b-4390-a7fd-130bba58fb4a/training "HTTP/1.1 200 "
2025-07-17 18:51:56,675 - httpx - INFO - HTTP Request: GET https://app.mostly.ai/api/v2/generators/f63e5750-c30b-4390-a7fd-130bba58fb4a/training "HTTP/1.1 200 "
2025-07-17 18:51:59,536 - httpx - INFO - HTTP Request: GET https://app.mostly.ai/api/v2/generators/f63e5750-c30b-4390-a7fd-130bba58fb4a/training "HTTP/1.1 200 "
2025-07-17 18:52:02,312 - httpx - INFO - HTTP Request: GET https://app.mostly.ai/api/v2/generators/f63e5750-c30b-4390-a7fd-130bba58fb4a/training "HTTP/1.1 200 "
2025-07-17 18:52:05,028 - httpx - INFO - HTTP Request: GET https://app.mostly.ai/api/v2/generators/f63e5750-c30b-4390-a7fd-130bba58fb4a/training "HTTP/1.1 200 "
2025-07-17 18:52:08,259 - httpx - INFO - HTTP Request: GET https://app.mostly.ai/api/v2/generators/f63e5750-c30b-4390-a7fd-130bba58fb4a/training "HTTP/1.1 200 "
2025-07-17 18:52:10,955 - httpx - INFO - HTTP Request: GET https://app.mostly.ai/api/v2/generators/f63e5750-c30b-4390-a7fd-130bba58fb4a/training "HTTP/1.1 200 "
2025-07-17 18:52:13,724 - httpx - INFO - HTTP Request: GET https://app.mostly.ai/api/v2/generators/f63e5750-c30b-4390-a7fd-130bba58fb4a/training "HTTP/1.1 200 "
2025-07-17 18:52:16,536 - httpx - INFO - HTTP Request: GET https://app.mostly.ai/api/v2/generators/f63e5750-c30b-4390-a7fd-130bba58fb4a/training "HTTP/1.1 200 "
2025-07-17 18:52:19,613 - httpx - INFO - HTTP Request: GET https://app.mostly.ai/api/v2/generators/f63e5750-c30b-4390-a7fd-130bba58fb4a/training "HTTP/1.1 200 "
2025-07-17 18:52:22,351 - httpx - INFO - HTTP Request: GET https://app.mostly.ai/api/v2/generators/f63e5750-c30b-4390-a7fd-130bba58fb4a/training "HTTP/1.1 200 "
2025-07-17 18:52:25,095 - httpx - INFO - HTTP Request: GET https://app.mostly.ai/api/v2/generators/f63e5750-c30b-4390-a7fd-130bba58fb4a/training "HTTP/1.1 200 "
2025-07-17 18:52:27,933 - httpx - INFO - HTTP Request: GET https://app.mostly.ai/api/v2/generators/f63e5750-c30b-4390-a7fd-130bba58fb4a/training "HTTP/1.1 200 "
2025-07-17 18:52:30,676 - httpx - INFO - HTTP Request: GET https://app.mostly.ai/api/v2/generators/f63e5750-c30b-4390-a7fd-130bba58fb4a/training "HTTP/1.1 200 "
2025-07-17 18:52:33,442 - httpx - INFO - HTTP Request: GET https://app.mostly.ai/api/v2/generators/f63e5750-c30b-4390-a7fd-130bba58fb4a/training "HTTP/1.1 200 "
2025-07-17 18:52:36,269 - httpx - INFO - HTTP Request: GET https://app.mostly.ai/api/v2/generators/f63e5750-c30b-4390-a7fd-130bba58fb4a/training "HTTP/1.1 200 "
2025-07-17 18:52:38,936 - httpx - INFO - HTTP Request: GET https://app.mostly.ai/api/v2/generators/f63e5750-c30b-4390-a7fd-130bba58fb4a/training "HTTP/1.1 200 "
2025-07-17 18:52:41,587 - httpx - INFO - HTTP Request: GET https://app.mostly.ai/api/v2/generators/f63e5750-c30b-4390-a7fd-130bba58fb4a/training "HTTP/1.1 200 "
2025-07-17 18:52:44,345 - httpx - INFO - HTTP Request: GET https://app.mostly.ai/api/v2/generators/f63e5750-c30b-4390-a7fd-130bba58fb4a/training "HTTP/1.1 200 "
2025-07-17 18:52:47,146 - httpx - INFO - HTTP Request: GET https://app.mostly.ai/api/v2/generators/f63e5750-c30b-4390-a7fd-130bba58fb4a/training "HTTP/1.1 200 "
2025-07-17 18:52:50,020 - httpx - INFO - HTTP Request: GET https://app.mostly.ai/api/v2/generators/f63e5750-c30b-4390-a7fd-130bba58fb4a/training "HTTP/1.1 200 "
2025-07-17 18:52:52,756 - httpx - INFO - HTTP Request: GET https://app.mostly.ai/api/v2/generators/f63e5750-c30b-4390-a7fd-130bba58fb4a/training "HTTP/1.1 200 "
2025-07-17 18:52:55,602 - httpx - INFO - HTTP Request: GET https://app.mostly.ai/api/v2/generators/f63e5750-c30b-4390-a7fd-130bba58fb4a/training "HTTP/1.1 200 "
2025-07-17 18:52:58,408 - httpx - INFO - HTTP Request: GET https://app.mostly.ai/api/v2/generators/f63e5750-c30b-4390-a7fd-130bba58fb4a/training "HTTP/1.1 200 "
2025-07-17 18:53:01,159 - httpx - INFO - HTTP Request: GET https://app.mostly.ai/api/v2/generators/f63e5750-c30b-4390-a7fd-130bba58fb4a/training "HTTP/1.1 200 "
2025-07-17 18:53:04,051 - httpx - INFO - HTTP Request: GET https://app.mostly.ai/api/v2/generators/f63e5750-c30b-4390-a7fd-130bba58fb4a/training "HTTP/1.1 200 "
2025-07-17 18:53:07,124 - httpx - INFO - HTTP Request: GET https://app.mostly.ai/api/v2/generators/f63e5750-c30b-4390-a7fd-130bba58fb4a/training "HTTP/1.1 200 "
2025-07-17 18:53:09,943 - httpx - INFO - HTTP Request: GET https://app.mostly.ai/api/v2/generators/f63e5750-c30b-4390-a7fd-130bba58fb4a/training "HTTP/1.1 200 "
2025-07-17 18:53:12,722 - httpx - INFO - HTTP Request: GET https://app.mostly.ai/api/v2/generators/f63e5750-c30b-4390-a7fd-130bba58fb4a/training "HTTP/1.1 200 "
2025-07-17 18:53:15,479 - httpx - INFO - HTTP Request: GET https://app.mostly.ai/api/v2/generators/f63e5750-c30b-4390-a7fd-130bba58fb4a/training "HTTP/1.1 200 "
2025-07-17 18:53:18,214 - httpx - INFO - HTTP Request: GET https://app.mostly.ai/api/v2/generators/f63e5750-c30b-4390-a7fd-130bba58fb4a/training "HTTP/1.1 200 "
2025-07-17 18:53:21,153 - httpx - INFO - HTTP Request: GET https://app.mostly.ai/api/v2/generators/f63e5750-c30b-4390-a7fd-130bba58fb4a/training "HTTP/1.1 200 "
2025-07-17 18:53:23,879 - httpx - INFO - HTTP Request: GET https://app.mostly.ai/api/v2/generators/f63e5750-c30b-4390-a7fd-130bba58fb4a/training "HTTP/1.1 200 "
2025-07-17 18:53:26,650 - httpx - INFO - HTTP Request: GET https://app.mostly.ai/api/v2/generators/f63e5750-c30b-4390-a7fd-130bba58fb4a/training "HTTP/1.1 200 "
2025-07-17 18:53:29,339 - httpx - INFO - HTTP Request: GET https://app.mostly.ai/api/v2/generators/f63e5750-c30b-4390-a7fd-130bba58fb4a/training "HTTP/1.1 200 "
2025-07-17 18:53:32,241 - httpx - INFO - HTTP Request: GET https://app.mostly.ai/api/v2/generators/f63e5750-c30b-4390-a7fd-130bba58fb4a/training "HTTP/1.1 200 "
2025-07-17 18:53:35,081 - httpx - INFO - HTTP Request: GET https://app.mostly.ai/api/v2/generators/f63e5750-c30b-4390-a7fd-130bba58fb4a/training "HTTP/1.1 200 "
2025-07-17 18:53:37,866 - httpx - INFO - HTTP Request: GET https://app.mostly.ai/api/v2/generators/f63e5750-c30b-4390-a7fd-130bba58fb4a/training "HTTP/1.1 200 "
2025-07-17 18:53:40,576 - httpx - INFO - HTTP Request: GET https://app.mostly.ai/api/v2/generators/f63e5750-c30b-4390-a7fd-130bba58fb4a/training "HTTP/1.1 200 "
2025-07-17 18:53:43,338 - httpx - INFO - HTTP Request: GET https://app.mostly.ai/api/v2/generators/f63e5750-c30b-4390-a7fd-130bba58fb4a/training "HTTP/1.1 200 "
2025-07-17 18:53:46,172 - httpx - INFO - HTTP Request: GET https://app.mostly.ai/api/v2/generators/f63e5750-c30b-4390-a7fd-130bba58fb4a/training "HTTP/1.1 200 "
2025-07-17 18:53:48,864 - httpx - INFO - HTTP Request: GET https://app.mostly.ai/api/v2/generators/f63e5750-c30b-4390-a7fd-130bba58fb4a/training "HTTP/1.1 200 "
2025-07-17 18:53:51,753 - httpx - INFO - HTTP Request: GET https://app.mostly.ai/api/v2/generators/f63e5750-c30b-4390-a7fd-130bba58fb4a/training "HTTP/1.1 200 "
2025-07-17 18:53:54,694 - httpx - INFO - HTTP Request: GET https://app.mostly.ai/api/v2/generators/f63e5750-c30b-4390-a7fd-130bba58fb4a/training "HTTP/1.1 200 "
2025-07-17 18:53:58,545 - httpx - INFO - HTTP Request: GET https://app.mostly.ai/api/v2/generators/f63e5750-c30b-4390-a7fd-130bba58fb4a/training "HTTP/1.1 200 "
2025-07-17 18:54:01,454 - httpx - INFO - HTTP Request: GET https://app.mostly.ai/api/v2/generators/f63e5750-c30b-4390-a7fd-130bba58fb4a/training "HTTP/1.1 200 "
2025-07-17 18:54:05,092 - httpx - INFO - HTTP Request: GET https://app.mostly.ai/api/v2/generators/f63e5750-c30b-4390-a7fd-130bba58fb4a/training "HTTP/1.1 200 "
2025-07-17 18:54:07,967 - httpx - INFO - HTTP Request: GET https://app.mostly.ai/api/v2/generators/f63e5750-c30b-4390-a7fd-130bba58fb4a/training "HTTP/1.1 200 "
2025-07-17 18:54:10,921 - httpx - INFO - HTTP Request: GET https://app.mostly.ai/api/v2/generators/f63e5750-c30b-4390-a7fd-130bba58fb4a/training "HTTP/1.1 200 "
2025-07-17 18:54:13,925 - httpx - INFO - HTTP Request: GET https://app.mostly.ai/api/v2/generators/f63e5750-c30b-4390-a7fd-130bba58fb4a/training "HTTP/1.1 200 "
2025-07-17 18:54:15,728 - httpx - INFO - HTTP Request: GET https://app.mostly.ai/api/v2/generators/f63e5750-c30b-4390-a7fd-130bba58fb4a "HTTP/1.1 200 "
2025-07-17 18:54:15,938 - mostlyai.sdk.client.base - WARNING - ignoring unrecognized fields for GeneratorUsage: noOfThreads
2025-07-17 18:54:16,614 - httpx - INFO - HTTP Request: GET https://app.mostly.ai/api/v2/generators/f63e5750-c30b-4390-a7fd-130bba58fb4a "HTTP/1.1 200 "
2025-07-17 18:54:16,774 - mostlyai.sdk.client.base - WARNING - ignoring unrecognized fields for GeneratorUsage: noOfThreads
2025-07-17 18:54:16,778 - food_predictor.synthetic.mostly_generator - INFO - Training completed successfully!
2025-07-17 18:54:16,778 - food_predictor.synthetic.mostly_generator - INFO - Generating 9662 synthetic records...
2025-07-17 18:54:16,779 - food_predictor.synthetic.mostly_generator - ERROR - Generation failed: 'Generator' object has no attribute 'generate'
2025-07-17 18:54:16,779 - __main__ - ERROR - Synthetic data generation failed: 'Generator' object has no attribute 'generate'
2025-07-17 18:54:16,780 - __main__ - ERROR - Migration failed: 'Generator' object has no attribute 'generate'
